<?xml version="1.0" encoding="UTF-8" ?>
<testsuite errors="0" failures="0" hostname="Win81Fujitsu" name="commandline.LoginLogoutTest" skipped="0" tests="1" time="11.467" timestamp="2017-05-14T16:00:13">
  <properties>
[...]
</properties>
  <testcase classname="commandline.LoginLogoutTest" name="test" time="11.086" />
  <system-out><![CDATA[browser: chrome
Chrome Instantiated
Starting Test
Load home page
Home page loaded
Navigate to Log In page
User is not logged in
Enter Username and Password
Submit Form
Logged in - now log out
Log Out clicked
Test: Logout Completed
Testing ended. Closing Browser.
]]></system-out>
  <system-err><![CDATA[Starting ChromeDriver 2.29.461591 (62ebf098771772160f391d75e589dc567915b233) on port 16416
Only local connections are allowed.
May 14, 2017 5:00:15 PM org.openqa.selenium.remote.ProtocolHandshake createSession
INFO: Attempting bi-dialect session, assuming Postel's Law holds true on the remote end
May 14, 2017 5:00:18 PM org.openqa.selenium.remote.ProtocolHandshake createSession
INFO: Detected dialect: OSS
]]></system-err>
</testsuite>
